# JRE version: Java(TM) SE Runtime Environment (8.0_191-b12) (build 1.8.0_191-b12)
# Java VM: Java HotSpot(TM) 64-Bit Server VM (25.191-b12 mixed mode windows-amd64 compressed oops)
Heap:
 PSYoungGen      total 263680K, used 86786K [0x00000000d5e00000, 0x00000000ec580000, 0x0000000100000000)
  eden space 244736K, 35% used [0x00000000d5e00000,0x00000000db2c0878,0x00000000e4d00000)
  from space 18944K, 0% used [0x00000000e4d00000,0x00000000e4d00000,0x00000000e5f80000)
  to   space 18944K, 0% used [0x00000000eb300000,0x00000000eb300000,0x00000000ec580000)
 ParOldGen       total 87040K, used 26547K [0x0000000081a00000, 0x0000000086f00000, 0x00000000d5e00000)
  object space 87040K, 30% used [0x0000000081a00000,0x00000000833ecc80,0x0000000086f00000)
 Metaspace       used 59556K, capacity 62302K, committed 62552K, reserved 1105920K
  class space    used 8248K, capacity 8785K, committed 8832K, reserved 1048576K
GC Heap History (10 events):
Event: 6.578 GC heap before
{Heap before GC invocations=10 (full 2):
 PSYoungGen      total 197632K, used 10726K [0x00000000d5e00000, 0x00000000e4c00000, 0x0000000100000000)
  eden space 186880K, 0% used [0x00000000d5e00000,0x00000000d5e00000,0x00000000e1480000)
  from space 10752K, 99% used [0x00000000e2280000,0x00000000e2cf9bc8,0x00000000e2d00000)
  to   space 14336K, 0% used [0x00000000e1480000,0x00000000e1480000,0x00000000e2280000)
 ParOldGen       total 54784K, used 13680K [0x0000000081a00000, 0x0000000084f80000, 0x00000000d5e00000)
  object space 54784K, 24% used [0x0000000081a00000,0x000000008275c108,0x0000000084f80000)
 Metaspace       used 33627K, capacity 35332K, committed 35416K, reserved 1079296K
  class space    used 4574K, capacity 4920K, committed 4992K, reserved 1048576K
Event: 6.681 GC heap after
Heap after GC invocations=10 (full 2):
 PSYoungGen      total 197632K, used 0K [0x00000000d5e00000, 0x00000000e4c00000, 0x0000000100000000)
  eden space 186880K, 0% used [0x00000000d5e00000,0x00000000d5e00000,0x00000000e1480000)
  from space 10752K, 0% used [0x00000000e2280000,0x00000000e2280000,0x00000000e2d00000)
  to   space 14336K, 0% used [0x00000000e1480000,0x00000000e1480000,0x00000000e2280000)
 ParOldGen       total 87040K, used 20944K [0x0000000081a00000, 0x0000000086f00000, 0x00000000d5e00000)
  object space 87040K, 24% used [0x0000000081a00000,0x0000000082e74360,0x0000000086f00000)
 Metaspace       used 33627K, capacity 35332K, committed 35416K, reserved 1079296K
  class space    used 4574K, capacity 4920K, committed 4992K, reserved 1048576K
}
Event: 7.933 GC heap before
{Heap before GC invocations=11 (full 2):
 PSYoungGen      total 197632K, used 186880K [0x00000000d5e00000, 0x00000000e4c00000, 0x0000000100000000)
  eden space 186880K, 100% used [0x00000000d5e00000,0x00000000e1480000,0x00000000e1480000)
  from space 10752K, 0% used [0x00000000e2280000,0x00000000e2280000,0x00000000e2d00000)
  to   space 14336K, 0% used [0x00000000e1480000,0x00000000e1480000,0x00000000e2280000)
 ParOldGen       total 87040K, used 20944K [0x0000000081a00000, 0x0000000086f00000, 0x00000000d5e00000)
  object space 87040K, 24% used [0x0000000081a00000,0x0000000082e74360,0x0000000086f00000)
 Metaspace       used 41715K, capacity 43684K, committed 43864K, reserved 1087488K
  class space    used 5493K, capacity 5912K, committed 6016K, reserved 1048576K
Event: 7.951 GC heap after
Heap after GC invocations=11 (full 2):
 PSYoungGen      total 201216K, used 11661K [0x00000000d5e00000, 0x00000000e6e80000, 0x0000000100000000)
  eden space 186880K, 0% used [0x00000000d5e00000,0x00000000d5e00000,0x00000000e1480000)
  from space 14336K, 81% used [0x00000000e1480000,0x00000000e1fe36e8,0x00000000e2280000)
  to   space 15360K, 0% used [0x00000000e5f80000,0x00000000e5f80000,0x00000000e6e80000)
 ParOldGen       total 87040K, used 20952K [0x0000000081a00000, 0x0000000086f00000, 0x00000000d5e00000)
  object space 87040K, 24% used [0x0000000081a00000,0x0000000082e76360,0x0000000086f00000)
 Metaspace       used 41715K, capacity 43684K, committed 43864K, reserved 1087488K
  class space    used 5493K, capacity 5912K, committed 6016K, reserved 1048576K
}
Event: 9.659 GC heap before
{Heap before GC invocations=12 (full 2):
 PSYoungGen      total 201216K, used 198541K [0x00000000d5e00000, 0x00000000e6e80000, 0x0000000100000000)
  eden space 186880K, 100% used [0x00000000d5e00000,0x00000000e1480000,0x00000000e1480000)
  from space 14336K, 81% used [0x00000000e1480000,0x00000000e1fe36e8,0x00000000e2280000)
  to   space 15360K, 0% used [0x00000000e5f80000,0x00000000e5f80000,0x00000000e6e80000)
 ParOldGen       total 87040K, used 20952K [0x0000000081a00000, 0x0000000086f00000, 0x00000000d5e00000)
  object space 87040K, 24% used [0x0000000081a00000,0x0000000082e76360,0x0000000086f00000)
 Metaspace       used 54388K, capacity 56432K, committed 56792K, reserved 1097728K
  class space    used 7505K, capacity 7918K, committed 7936K, reserved 1048576K
Event: 9.687 GC heap after
Heap after GC invocations=12 (full 2):
 PSYoungGen      total 260096K, used 15357K [0x00000000d5e00000, 0x00000000e7280000, 0x0000000100000000)
  eden space 244736K, 0% used [0x00000000d5e00000,0x00000000d5e00000,0x00000000e4d00000)
  from space 15360K, 99% used [0x00000000e5f80000,0x00000000e6e7f6d0,0x00000000e6e80000)
  to   space 18944K, 0% used [0x00000000e4d00000,0x00000000e4d00000,0x00000000e5f80000)
 ParOldGen       total 87040K, used 24773K [0x0000000081a00000, 0x0000000086f00000, 0x00000000d5e00000)
  object space 87040K, 28% used [0x0000000081a00000,0x00000000832315e0,0x0000000086f00000)
 Metaspace       used 54388K, capacity 56432K, committed 56792K, reserved 1097728K
  class space    used 7505K, capacity 7918K, committed 7936K, reserved 1048576K
}
Event: 9.982 GC heap before
{Heap before GC invocations=13 (full 2):
 PSYoungGen      total 260096K, used 56120K [0x00000000d5e00000, 0x00000000e7280000, 0x0000000100000000)
  eden space 244736K, 16% used [0x00000000d5e00000,0x00000000d85cea28,0x00000000e4d00000)
  from space 15360K, 99% used [0x00000000e5f80000,0x00000000e6e7f6d0,0x00000000e6e80000)
  to   space 18944K, 0% used [0x00000000e4d00000,0x00000000e4d00000,0x00000000e5f80000)
 ParOldGen       total 87040K, used 24773K [0x0000000081a00000, 0x0000000086f00000, 0x00000000d5e00000)
  object space 87040K, 28% used [0x0000000081a00000,0x00000000832315e0,0x0000000086f00000)
 Metaspace       used 56489K, capacity 58886K, committed 58968K, reserved 1099776K
  class space    used 7807K, capacity 8253K, committed 8320K, reserved 1048576K
Event: 10.000 GC heap after
Heap after GC invocations=13 (full 2):
 PSYoungGen      total 263680K, used 2837K [0x00000000d5e00000, 0x00000000ec580000, 0x0000000100000000)
  eden space 244736K, 0% used [0x00000000d5e00000,0x00000000d5e00000,0x00000000e4d00000)
  from space 18944K, 14% used [0x00000000e4d00000,0x00000000e4fc5710,0x00000000e5f80000)
  to   space 18944K, 0% used [0x00000000eb300000,0x00000000eb300000,0x00000000ec580000)
 ParOldGen       total 87040K, used 33714K [0x0000000081a00000, 0x0000000086f00000, 0x00000000d5e00000)
  object space 87040K, 38% used [0x0000000081a00000,0x0000000083aec910,0x0000000086f00000)
 Metaspace       used 56489K, capacity 58886K, committed 58968K, reserved 1099776K
  class space    used 7807K, capacity 8253K, committed 8320K, reserved 1048576K
}
Event: 10.000 GC heap before
{Heap before GC invocations=14 (full 3):
 PSYoungGen      total 263680K, used 2837K [0x00000000d5e00000, 0x00000000ec580000, 0x0000000100000000)
  eden space 244736K, 0% used [0x00000000d5e00000,0x00000000d5e00000,0x00000000e4d00000)
  from space 18944K, 14% used [0x00000000e4d00000,0x00000000e4fc5710,0x00000000e5f80000)
  to   space 18944K, 0% used [0x00000000eb300000,0x00000000eb300000,0x00000000ec580000)
 ParOldGen       total 87040K, used 33714K [0x0000000081a00000, 0x0000000086f00000, 0x00000000d5e00000)
  object space 87040K, 38% used [0x0000000081a00000,0x0000000083aec910,0x0000000086f00000)
 Metaspace       used 56489K, capacity 58886K, committed 58968K, reserved 1099776K
  class space    used 7807K, capacity 8253K, committed 8320K, reserved 1048576K
Event: 10.185 GC heap after
Heap after GC invocations=14 (full 3):
 PSYoungGen      total 263680K, used 0K [0x00000000d5e00000, 0x00000000ec580000, 0x0000000100000000)
  eden space 244736K, 0% used [0x00000000d5e00000,0x00000000d5e00000,0x00000000e4d00000)
  from space 18944K, 0% used [0x00000000e4d00000,0x00000000e4d00000,0x00000000e5f80000)
  to   space 18944K, 0% used [0x00000000eb300000,0x00000000eb300000,0x00000000ec580000)
 ParOldGen       total 87040K, used 26547K [0x0000000081a00000, 0x0000000086f00000, 0x00000000d5e00000)
  object space 87040K, 30% used [0x0000000081a00000,0x00000000833ecc80,0x0000000086f00000)
 Metaspace       used 56489K, capacity 58886K, committed 58968K, reserved 1099776K
  class space    used 7807K, capacity 8253K, committed 8320K, reserved 1048576K
}

